/home/action/.parts/packages/ruby2.1/2.1.1/bin/ruby extconf.rb 
creating Makefile

make "DESTDIR=" clean

make "DESTDIR="
compiling autolink.c
compiling houdini_html_e.c
compiling html_smartypants.c
compiling html.c
html.c: In function ‘rndr_header’:
html.c:290:3: warning: passing argument 1 of ‘header_anchor’ discards ‘const’ qualifier from pointer target type [enabled by default]
html.c:268:7: note: expected ‘struct buf *’ but argument is of type ‘const struct buf *’
html.c: In function ‘toc_header’:
html.c:638:3: warning: passing argument 1 of ‘header_anchor’ discards ‘const’ qualifier from pointer target type [enabled by default]
html.c:268:7: note: expected ‘struct buf *’ but argument is of type ‘const struct buf *’
compiling rc_markdown.c
compiling markdown.c
compiling rc_render.c
compiling buffer.c
compiling stack.c
compiling houdini_href_e.c
linking shared-object redcarpet.so

make "DESTDIR=" install
/usr/bin/install -c -m 0755 redcarpet.so ./.gem.20141022-513-uhsgxh
installing default redcarpet libraries
